<?xml version="1.0" encoding="UTF-8"?>
<testsuite name="com.demo.kafka.play.controller.KafkaControllerTest" tests="1" skipped="0" failures="0" errors="0" timestamp="2021-04-27T17:00:51" hostname="192.168.2.46" time="0.087">
  <properties/>
  <testcase name="publish()" classname="com.demo.kafka.play.controller.KafkaControllerTest" time="0.087"/>
  <system-out><![CDATA[2021-04-27 19:00:50.950  INFO 20400 --- [    Test worker] .b.t.a.w.s.WebMvcTestContextBootstrapper : Neither @ContextConfiguration nor @ContextHierarchy found for test class [com.demo.kafka.play.controller.KafkaControllerTest], using SpringBootContextLoader
2021-04-27 19:00:50.951  INFO 20400 --- [    Test worker] o.s.t.c.support.AbstractContextLoader    : Could not detect default resource locations for test class [com.demo.kafka.play.controller.KafkaControllerTest]: no resource found for suffixes {-context.xml, Context.groovy}.
2021-04-27 19:00:50.951  INFO 20400 --- [    Test worker] t.c.s.AnnotationConfigContextLoaderUtils : Could not detect default configuration classes for test class [com.demo.kafka.play.controller.KafkaControllerTest]: KafkaControllerTest does not declare any static, non-private, non-final, nested classes annotated with @Configuration.
2021-04-27 19:00:50.977  INFO 20400 --- [    Test worker] .b.t.c.SpringBootTestContextBootstrapper : Found @SpringBootConfiguration com.demo.kafka.KafkaApplication for test class com.demo.kafka.play.controller.KafkaControllerTest
2021-04-27 19:00:50.977  INFO 20400 --- [    Test worker] .b.t.a.w.s.WebMvcTestContextBootstrapper : Loaded default TestExecutionListener class names from location [META-INF/spring.factories]: [org.springframework.boot.test.autoconfigure.restdocs.RestDocsTestExecutionListener, org.springframework.boot.test.autoconfigure.web.client.MockRestServiceServerResetTestExecutionListener, org.springframework.boot.test.autoconfigure.web.servlet.MockMvcPrintOnlyOnFailureTestExecutionListener, org.springframework.boot.test.autoconfigure.web.servlet.WebDriverTestExecutionListener, org.springframework.boot.test.mock.mockito.MockitoTestExecutionListener, org.springframework.boot.test.mock.mockito.ResetMocksTestExecutionListener, org.springframework.test.context.web.ServletTestExecutionListener, org.springframework.test.context.support.DirtiesContextBeforeModesTestExecutionListener, org.springframework.test.context.support.DependencyInjectionTestExecutionListener, org.springframework.test.context.support.DirtiesContextTestExecutionListener, org.springframework.test.context.transaction.TransactionalTestExecutionListener, org.springframework.test.context.jdbc.SqlScriptsTestExecutionListener, org.springframework.test.context.event.EventPublishingTestExecutionListener]
2021-04-27 19:00:50.978  INFO 20400 --- [    Test worker] .b.t.a.w.s.WebMvcTestContextBootstrapper : Using TestExecutionListeners: [org.springframework.test.context.web.ServletTestExecutionListener@2830fc00, org.springframework.test.context.support.DirtiesContextBeforeModesTestExecutionListener@745a18b0, org.springframework.boot.test.mock.mockito.MockitoTestExecutionListener@4f29f335, org.springframework.boot.test.autoconfigure.SpringBootDependencyInjectionTestExecutionListener@19c3f3ab, org.springframework.test.context.support.DirtiesContextTestExecutionListener@363ccc6f, org.springframework.test.context.transaction.TransactionalTestExecutionListener@1287dd80, org.springframework.test.context.jdbc.SqlScriptsTestExecutionListener@123724be, org.springframework.test.context.event.EventPublishingTestExecutionListener@14efc3f8, org.springframework.boot.test.autoconfigure.restdocs.RestDocsTestExecutionListener@44e02abe, org.springframework.boot.test.autoconfigure.web.client.MockRestServiceServerResetTestExecutionListener@6827947f, org.springframework.boot.test.autoconfigure.web.servlet.MockMvcPrintOnlyOnFailureTestExecutionListener@431e4f11, org.springframework.boot.test.autoconfigure.web.servlet.WebDriverTestExecutionListener@2984a489, org.springframework.boot.test.mock.mockito.ResetMocksTestExecutionListener@6c74dedd]
2021-04-27 19:00:51.000  WARN 20400 --- [read-1-producer] org.apache.kafka.clients.NetworkClient   : [Producer clientId=stream-test-d653c38d-7691-4dee-87f3-1f89bb79465c-StreamThread-1-producer] Connection to node -1 (localhost/127.0.0.1:9091) could not be established. Broker may not be available.

  .   ____          _            __ _ _
 /\\ / ___'_ __ _ _(_)_ __  __ _ \ \ \ \
( ( )\___ | '_ | '_| | '_ \/ _` | \ \ \ \
 \\/  ___)| |_)| | | | | || (_| |  ) ) ) )
  '  |____| .__|_| |_|_| |_\__, | / / / /
 =========|_|==============|___/=/_/_/_/
 :: Spring Boot ::        (v2.2.5.RELEASE)

2021-04-27 19:00:51.011  INFO 20400 --- [    Test worker] c.d.k.p.controller.KafkaControllerTest   : Starting KafkaControllerTest on 192.168.2.46 with PID 20400 (started by subhra in /Users/subhra/Documents/Subhra/Projects/play-kafka)
2021-04-27 19:00:51.012  INFO 20400 --- [    Test worker] c.d.k.p.controller.KafkaControllerTest   : No active profile set, falling back to default profiles: default
2021-04-27 19:00:51.148  WARN 20400 --- [ntainer#1-0-C-1] org.apache.kafka.clients.NetworkClient   : [Consumer clientId=consumer-2, groupId=group_id] Connection to node -1 (localhost/127.0.0.1:9091) could not be established. Broker may not be available.
2021-04-27 19:00:51.175  WARN 20400 --- [-StreamThread-1] org.apache.kafka.clients.NetworkClient   : [Consumer clientId=stream-test-d653c38d-7691-4dee-87f3-1f89bb79465c-StreamThread-1-consumer, groupId=stream-test] Connection to node -1 (localhost/127.0.0.1:9091) could not be established. Broker may not be available.
2021-04-27 19:00:51.249  WARN 20400 --- [ntainer#0-0-C-1] org.apache.kafka.clients.NetworkClient   : [Consumer clientId=consumer-1, groupId=group_id] Connection to node -1 (localhost/127.0.0.1:9091) could not be established. Broker may not be available.
2021-04-27 19:00:51.714  INFO 20400 --- [    Test worker] o.s.s.concurrent.ThreadPoolTaskExecutor  : Initializing ExecutorService 'applicationTaskExecutor'
2021-04-27 19:00:51.878  INFO 20400 --- [    Test worker] o.s.b.t.m.w.SpringBootMockServletContext : Initializing Spring TestDispatcherServlet ''
2021-04-27 19:00:51.878  INFO 20400 --- [    Test worker] o.s.t.web.servlet.TestDispatcherServlet  : Initializing Servlet ''
2021-04-27 19:00:51.879  WARN 20400 --- [read-1-producer] org.apache.kafka.clients.NetworkClient   : [Producer clientId=stream-test-d653c38d-7691-4dee-87f3-1f89bb79465c-StreamThread-1-producer] Connection to node -1 (localhost/127.0.0.1:9091) could not be established. Broker may not be available.
2021-04-27 19:00:51.879  WARN 20400 --- [ntainer#1-0-C-1] org.apache.kafka.clients.NetworkClient   : [Consumer clientId=consumer-2, groupId=group_id] Connection to node -1 (localhost/127.0.0.1:9091) could not be established. Broker may not be available.
2021-04-27 19:00:51.901  INFO 20400 --- [    Test worker] o.s.t.web.servlet.TestDispatcherServlet  : Completed initialization in 23 ms
2021-04-27 19:00:51.916  INFO 20400 --- [    Test worker] c.d.k.p.controller.KafkaControllerTest   : Started KafkaControllerTest in 0.936 seconds (JVM running for 8.468)
2021-04-27 19:00:51.963  WARN 20400 --- [9bb79465c-admin] org.apache.kafka.clients.NetworkClient   : [AdminClient clientId=stream-test-d653c38d-7691-4dee-87f3-1f89bb79465c-admin] Connection to node -1 (localhost/127.0.0.1:9091) could not be established. Broker may not be available.
2021-04-27 19:00:51.977  WARN 20400 --- [ntainer#0-0-C-1] org.apache.kafka.clients.NetworkClient   : [Consumer clientId=consumer-1, groupId=group_id] Connection to node -1 (localhost/127.0.0.1:9091) could not be established. Broker may not be available.
]]></system-out>
  <system-err><![CDATA[]]></system-err>
</testsuite>
